<?xml version="1.0" encoding="UTF-8"?>
<testsuite xmlns:xsi="http://www.w3.org/2001/XMLSchema-instance" xsi:noNamespaceSchemaLocation="https://maven.apache.org/surefire/maven-surefire-plugin/xsd/surefire-test-report-3.0.xsd" version="3.0" name="CountryApiTest" time="1.483" tests="1" errors="0" skipped="0" failures="0">
  <properties>
[...]
</properties>
  <testcase name="testGetCountryByName" classname="CountryApiTest" time="1.429">
    <system-out><![CDATA[CountryInfo{Name = Common: Greece, Official: Hellenic Republic, Native Name: Official: Ελληνική Δημοκρατία, Common: Ελλάδα'
, Capital='[Athens]'
Currencies='{EUR= Name: Euro, Symbol: €}'
, Population='10715549'
, Continent='[Europe]'
}
]]></system-out>
  </testcase>
</testsuite>